<?xml version="1.0" encoding="UTF-8"?>
<testng-results skipped="0" failed="1" ignored="0" total="3" passed="2">
  <reporter-output>
  </reporter-output>
  <suite name="Suite" duration-ms="57900" started-at="2022-02-01T01:33:03 IST" finished-at="2022-02-01T01:34:01 IST">
    <groups>
      <group name="Regression">
        <method signature="ExampleTest1.sampletesting1()[pri:0, instance:com.test.tests.ExampleTest1@69e1dd28]" name="sampletesting1" class="com.test.tests.ExampleTest1"/>
        <method signature="ExampleTest1.sampletesting2(java.lang.String, java.lang.String)[pri:0, instance:com.test.tests.ExampleTest1@69e1dd28]" name="sampletesting2" class="com.test.tests.ExampleTest1"/>
      </group> <!-- Regression -->
    </groups>
    <test name="Test" duration-ms="57900" started-at="2022-02-01T01:33:03 IST" finished-at="2022-02-01T01:34:01 IST">
      <class name="com.test.tests.ExampleTest1">
        <test-method status="PASS" signature="beforeSuite()[pri:0, instance:com.test.tests.ExampleTest1@69e1dd28]" name="beforeSuite" is-config="true" duration-ms="13" started-at="2022-02-01T01:33:03 IST" finished-at="2022-02-01T01:33:03 IST">
          <reporter-output>
          </reporter-output>
        </test-method> <!-- beforeSuite -->
        <test-method status="PASS" signature="beforeTest(java.lang.String)[pri:0, instance:com.test.tests.ExampleTest1@69e1dd28]" name="beforeTest" is-config="true" duration-ms="26924" started-at="2022-02-01T01:33:03 IST" finished-at="2022-02-01T01:33:30 IST">
          <params>
            <param index="0">
              <value>
                <![CDATA[chrome]]>
              </value>
            </param>
          </params>
          <reporter-output>
          </reporter-output>
        </test-method> <!-- beforeTest -->
        <test-method status="PASS" signature="beforeClass()[pri:0, instance:com.test.tests.ExampleTest1@69e1dd28]" name="beforeClass" is-config="true" duration-ms="1" started-at="2022-02-01T01:33:30 IST" finished-at="2022-02-01T01:33:30 IST">
          <reporter-output>
          </reporter-output>
        </test-method> <!-- beforeClass -->
        <test-method status="PASS" signature="beforeMethod()[pri:0, instance:com.test.tests.ExampleTest1@69e1dd28]" name="beforeMethod" is-config="true" duration-ms="0" started-at="2022-02-01T01:33:30 IST" finished-at="2022-02-01T01:33:30 IST">
          <reporter-output>
          </reporter-output>
        </test-method> <!-- beforeMethod -->
        <test-method status="FAIL" signature="sampletesting1()[pri:0, instance:com.test.tests.ExampleTest1@69e1dd28]" name="sampletesting1" duration-ms="11563" started-at="2022-02-01T01:33:30 IST" finished-at="2022-02-01T01:33:41 IST">
          <exception class="java.lang.AssertionError">
            <message>
              <![CDATA[The following asserts failed:
Verifyig the title of the page expected [General information] but found [General informatioXX]]]>
            </message>
            <full-stacktrace>
              <![CDATA[java.lang.AssertionError: The following asserts failed:
Verifyig the title of the page expected [General information] but found [General informatioXX]
at org.testng.asserts.SoftAssert.assertAll(SoftAssert.java:47)
at org.testng.asserts.SoftAssert.assertAll(SoftAssert.java:31)
at com.test.tests.ExampleTest1.sampletesting1(ExampleTest1.java:102)
at sun.reflect.NativeMethodAccessorImpl.invoke0(Native Method)
at sun.reflect.NativeMethodAccessorImpl.invoke(Unknown Source)
at sun.reflect.DelegatingMethodAccessorImpl.invoke(Unknown Source)
at java.lang.reflect.Method.invoke(Unknown Source)
at org.testng.internal.MethodInvocationHelper.invokeMethod(MethodInvocationHelper.java:135)
at org.testng.internal.TestInvoker.invokeMethod(TestInvoker.java:598)
at org.testng.internal.TestInvoker.invokeTestMethod(TestInvoker.java:174)
at org.testng.internal.MethodRunner.runInSequence(MethodRunner.java:46)
at org.testng.internal.TestInvoker$MethodInvocationAgent.invoke(TestInvoker.java:821)
at org.testng.internal.TestInvoker.invokeTestMethods(TestInvoker.java:147)
at org.testng.internal.TestMethodWorker.invokeTestMethods(TestMethodWorker.java:146)
at org.testng.internal.TestMethodWorker.run(TestMethodWorker.java:128)
at java.util.ArrayList.forEach(Unknown Source)
at org.testng.TestRunner.privateRun(TestRunner.java:767)
at org.testng.TestRunner.run(TestRunner.java:588)
at org.testng.SuiteRunner.runTest(SuiteRunner.java:384)
at org.testng.SuiteRunner.runSequentially(SuiteRunner.java:378)
at org.testng.SuiteRunner.privateRun(SuiteRunner.java:337)
at org.testng.SuiteRunner.run(SuiteRunner.java:286)
at org.testng.SuiteRunnerWorker.runSuite(SuiteRunnerWorker.java:53)
at org.testng.SuiteRunnerWorker.run(SuiteRunnerWorker.java:96)
at org.testng.TestNG.runSuitesSequentially(TestNG.java:1214)
at org.testng.TestNG.runSuitesLocally(TestNG.java:1136)
at org.testng.TestNG.runSuites(TestNG.java:1066)
at org.testng.TestNG.run(TestNG.java:1034)
at org.testng.remote.AbstractRemoteTestNG.run(AbstractRemoteTestNG.java:115)
at org.testng.remote.RemoteTestNG.initAndRun(RemoteTestNG.java:251)
at org.testng.remote.RemoteTestNG.main(RemoteTestNG.java:77)
]]>
            </full-stacktrace>
          </exception> <!-- java.lang.AssertionError -->
          <reporter-output>
          </reporter-output>
        </test-method> <!-- sampletesting1 -->
        <test-method status="PASS" signature="beforeMethod()[pri:0, instance:com.test.tests.ExampleTest1@69e1dd28]" name="beforeMethod" is-config="true" duration-ms="0" started-at="2022-02-01T01:33:43 IST" finished-at="2022-02-01T01:33:43 IST">
          <reporter-output>
          </reporter-output>
        </test-method> <!-- beforeMethod -->
        <test-method status="PASS" signature="sampletesting2(java.lang.String, java.lang.String)[pri:0, instance:com.test.tests.ExampleTest1@69e1dd28]" name="sampletesting2" duration-ms="8312" started-at="2022-02-01T01:33:43 IST" data-provider="getDetails" finished-at="2022-02-01T01:33:52 IST">
          <params>
            <param index="0">
              <value>
                <![CDATA[Test1]]>
              </value>
            </param>
            <param index="1">
              <value>
                <![CDATA[Last1]]>
              </value>
            </param>
          </params>
          <reporter-output>
          </reporter-output>
        </test-method> <!-- sampletesting2 -->
        <test-method status="PASS" signature="beforeMethod()[pri:0, instance:com.test.tests.ExampleTest1@69e1dd28]" name="beforeMethod" is-config="true" duration-ms="2" started-at="2022-02-01T01:33:52 IST" finished-at="2022-02-01T01:33:52 IST">
          <reporter-output>
          </reporter-output>
        </test-method> <!-- beforeMethod -->
        <test-method status="PASS" signature="sampletesting2(java.lang.String, java.lang.String)[pri:0, instance:com.test.tests.ExampleTest1@69e1dd28]" name="sampletesting2" duration-ms="7573" started-at="2022-02-01T01:33:52 IST" data-provider="getDetails" finished-at="2022-02-01T01:33:59 IST">
          <params>
            <param index="0">
              <value>
                <![CDATA[Test2]]>
              </value>
            </param>
            <param index="1">
              <value>
                <![CDATA[Last2]]>
              </value>
            </param>
          </params>
          <reporter-output>
          </reporter-output>
        </test-method> <!-- sampletesting2 -->
        <test-method status="PASS" signature="quitBrowser()[pri:0, instance:com.test.tests.ExampleTest1@69e1dd28]" name="quitBrowser" is-config="true" duration-ms="1311" started-at="2022-02-01T01:33:59 IST" finished-at="2022-02-01T01:34:01 IST">
          <reporter-output>
          </reporter-output>
        </test-method> <!-- quitBrowser -->
      </class> <!-- com.test.tests.ExampleTest1 -->
    </test> <!-- Test -->
  </suite> <!-- Suite -->
</testng-results>
